<?xml version="1.0" encoding="UTF-8"?>
<robot generator="Robot 3.2.2 (Python 3.7.9 on darwin)" generated="20201105 17:46:23.275" rpa="false">
<suite id="s1" name="TC1 GET HomeUser" source="/Users/darren/Code/Python/Projects/DexcomAPITest/TestCases/TC1_GET_HomeUser.robot">
<test id="s1-t1" name="Click HomeUser">
<kw name="Create Session" library="RequestsLibrary">
<doc>Create Session: create a HTTP session to a server</doc>
<arguments>
<arg>mysession</arg>
<arg>${base_url}</arg>
</arguments>
<msg timestamp="20201105 17:46:23.348" level="INFO">Creating Session using : alias=mysession, url=https://clarity.dexcom.com, headers={},                     cookies={}, auth=None, timeout=None, proxies=None, verify=False,                     debug=0 </msg>
<status status="PASS" starttime="20201105 17:46:23.348" endtime="20201105 17:46:23.348"></status>
</kw>
<kw name="Get Request" library="RequestsLibrary">
<doc>Send a GET request on the session object found using the
given `alias`</doc>
<arguments>
<arg>mysession</arg>
<arg>/users/auth/dexcom_sts</arg>
</arguments>
<assign>
<var>${response}</var>
</assign>
<msg timestamp="20201105 17:46:24.173" level="INFO">GET Request : url=https://clarity.dexcom.com/users/auth/dexcom_sts (redirected) 
 path_url=/users/auth/dexcom_sts 
 headers={'User-Agent': 'python-requests/2.24.0', 'Accept-Encoding': 'gzip, deflate', 'Accept': '*/*', 'Connection': 'keep-alive'} 
 body=None 
 </msg>
<msg timestamp="20201105 17:46:24.173" level="INFO">GET Response : url=https://uam1.dexcom.com/identity/login?signin=f6062a6cd8c14a7f7538798da5826c55 
 status=200, reason=OK 
 body=&lt;!DOCTYPE html&gt;&lt;html ng-app="userManagementWebAppLogin"&gt;&lt;head&gt;&lt;!--[if gte IE 9 | !IE ]&gt;
		&lt;script async src="https://www.googletagmanager.com/gtag/js?id=UA-130780636-5"&gt;&lt;/script&gt;
		&lt;script&gt;
			window.dataLayer = window.dataLayer || [];

			function gtag() { dataLayer.push(arguments); }

			gtag('js', new Date());

			gtag('config', 'UA-130780636-5');
		&lt;/script&gt;
	&lt;![endif]--&gt;&lt;meta charset="UTF-8"&gt;&lt;meta http-equiv="X-UA-Compatible" content="IE=edge"&gt;&lt;meta http-equiv="Content-Type" content="text/html; charset=utf-8"&gt;&lt;meta name="viewport" content="width=device-width,initial-scale=1,maximum-scale=1"&gt;&lt;link rel="stylesheet" href="/assets/favicon.ico"&gt;&lt;title&gt;Dexcom - Account Management&lt;/title&gt;&lt;link href="/assets/themes/dexcom-new/css/popup.css?v=1588892804366" rel="stylesheet"&gt;&lt;link href="/assets/themes/dexcom-new/css/popup-element.css?v=1588892804366" rel="stylesheet"&gt;&lt;link href="/assets/themes/dexcom-new/css/dexcom.css?v=1588892804366" rel="stylesheet"&gt;&lt;link href="/less/app.min.css?v=1588892804366" rel="stylesheet"&gt;&lt;script src="/libs/angular-1.3.14/angular.min.js?v=1588892804366"&gt;&lt;/script&gt;&lt;script type="text/javascript" src="/libs/jQuery/jquery-2.1.3.min.js?v=1588892804366"&gt;&lt;/script&gt;&lt;script type="text/javascript" src="/assets/scripts/once.js?v=1588892804366"&gt;&lt;/script&gt;&lt;script type="text/javascript" src="/assets/themes/dexcom-new/scripts/popup.js?v=1588892804366"&gt;&lt;/script&gt;&lt;script type="text/javascript" src="/assets/scripts/menu_helper.js?v=1588892804366"&gt;&lt;/script&gt;&lt;script type="text/javascript"&gt;function autoResize(frameObj) {
			var newheight;
			if (document.getElementById) {
				newheight = frameObj.contentWindow.document.body.scrollHeight;
			}
			frameObj.height = (newheight) + "px";
		}&lt;/script&gt;&lt;/head&gt;&lt;body ng-controller="loginController" class="html not-front not-logged-in page-user page-user-register context-user dexcom-page-user-register no-sidebars" ng-show="viewData.areResourcesLoaded==true &amp;&amp; sessionService.isAuthenticated()==false &amp;&amp; viewData.model!==undefined" ng-cloak&gt;&lt;div class="page clearfix" id="page"&gt;&lt;ng-include src="'/app/partials/header.html'"&gt;&lt;/ng-include&gt;&lt;section id="section-content" class="section section-content"&gt;&lt;div id="zone-content-wrapper" class="zone-wrapper zone-content-wrapper clearfix"&gt;&lt;div id="zone-content" class="zone zone-content clearfix container-12"&gt;&lt;div id="messages" class="grid-12" ng-if="viewData.loginErrors.length&gt;0"&gt;&lt;div class="messages error"&gt;&lt;h2 class="element-invisible"&gt;Error message&lt;/h2&gt;&lt;ul&gt;&lt;li ng-repeat="error in viewData.loginErrors track by $index"&gt;&lt;span ng-bind-html="methods.getErrorString(error, true)"&gt;&lt;/span&gt;&lt;/li&gt;&lt;/ul&gt;&lt;/div&gt;&lt;/div&gt;&lt;div class="element-invisible"&gt;&lt;h1 class="title" id="page-title"&gt;{{methods.getResourceString('__USER_ACCOUNT_TITLE_NEW__')}}&lt;/h1&gt;&lt;/div&gt;&lt;div class="zone-wrapper"&gt;&lt;div class="zone-wrapper-inner"&gt;&lt;div class="zone-content"&gt;&lt;div class="grid-12 region region-content" id="region-content"&gt;&lt;div class="region-inner region-content-inner"&gt;&lt;a id="main-content"&gt;&lt;/a&gt;&lt;div class="block block-system block-main block-system-main odd block-without-title" id="block-system-main"&gt;&lt;div class="block-inner clearfix"&gt;&lt;div class="content clearfix"&gt;&lt;login-control dex-resource-helper="resourceHelper" dex-storage-service="storageService" dex-af-token="viewData.model.antiForgery" dex-action-url="viewData.model.loginUrl" dex-errors="viewData.loginErrors" on-create-account-request="uiEvents.onCreateAccountClick($event)" on-login-info-request="uiEvents.onLoginInfoRequest($event)" on-add-dependent-request="uiEvents.onAddDependentRequest($event)" user-name="viewData.model.username"&gt;&lt;/login-control&gt;&lt;/div&gt;&lt;/div&gt;&lt;/div&gt;&lt;/div&gt;&lt;/div&gt;&lt;/div&gt;&lt;/div&gt;&lt;/div&gt;&lt;/div&gt;&lt;/div&gt;&lt;/section&gt;&lt;ng-include src="'/app/partials/footer.html'" ng-if="!viewData.isMobileMode"&gt;&lt;/ng-include&gt;&lt;/div&gt;&lt;script id="modelJson" type="application/json"&gt;{&amp;quot;loginUrl&amp;quot;:&amp;quot;/identity/login?signin=f6062a6cd8c14a7f7538798da5826c55&amp;quot;,&amp;quot;antiForgery&amp;quot;:{&amp;quot;name&amp;quot;:&amp;quot;idsrv.xsrf&amp;quot;,&amp;quot;value&amp;quot;:&amp;quot;PWgtmDdmzGuIiTtKDzVtrH2PXSwkmy9innLcPD1iFZRkAO-ULscbub40fQINl93WxaJIKT_ipgg7S9OrLAsA5ZsUfEwG01m-cY5DANgUHMI&amp;quot;},&amp;quot;allowRememberMe&amp;quot;:true,&amp;quot;rememberMe&amp;quot;:false,&amp;quot;username&amp;quot;:null,&amp;quot;externalProviders&amp;quot;:[{&amp;quot;type&amp;quot;:&amp;quot;adfs&amp;quot;,&amp;quot;text&amp;quot;:&amp;quot;ADFS&amp;quot;,&amp;quot;href&amp;quot;:&amp;quot;https://uam1.dexcom.com/identity/external?provider=adfs&amp;amp;signin=f6062a6cd8c14a7f7538798da5826c55&amp;quot;},{&amp;quot;type&amp;quot;:&amp;quot;savvy&amp;quot;,&amp;quot;text&amp;quot;:&amp;quot;Savvy&amp;quot;,&amp;quot;href&amp;quot;:&amp;quot;https://uam1.dexcom.com/identity/external?provider=savvy&amp;amp;signin=f6062a6cd8c14a7f7538798da5826c55&amp;quot;}],&amp;quot;additionalLinks&amp;quot;:null,&amp;quot;clientName&amp;quot;:&amp;quot;Clarity&amp;quot;,&amp;quot;clientUrl&amp;quot;:&amp;quot;https://www.clarity.com&amp;quot;,&amp;quot;clientLogoUrl&amp;quot;:null,&amp;quot;errorMessage&amp;quot;:null,&amp;quot;requestId&amp;quot;:&amp;quot;1fec20fd-55df-4630-9f49-c051e41ed459&amp;quot;,&amp;quot;siteUrl&amp;quot;:&amp;quot;https://uam1.dexcom.com/identity/&amp;quot;,&amp;quot;siteName&amp;quot;:&amp;quot;DexcomSTS&amp;quot;,&amp;quot;currentUser&amp;quot;:null,&amp;quot;logoutUrl&amp;quot;:&amp;quot;https://uam1.dexcom.com/identity/logout&amp;quot;,&amp;quot;custom&amp;quot;:null}&lt;/script&gt;&lt;script id="localeCode" type="application/json"&gt;en-US&lt;/script&gt;&lt;script id="clientId" type="application/json"&gt;DAEC20AC-9626-4B0E-94B5-B674E298F51E&lt;/script&gt;&lt;script id="consentType" type="application/json"&gt;Default&lt;/script&gt;&lt;script id="consentKey" type="application/json"&gt;&lt;/script&gt;&lt;script id="displayMode" type="application/json"&gt;&lt;/script&gt;&lt;script id="returnUrl" type="application/json"&gt;https://uam1.dexcom.com/identity/connect/authorize?client_id=DAEC20AC-9626-4B0E-94B5-B674E298F51E&amp;prompt&amp;redirect_uri=https%3A%2F%2Fclarity.dexcom.com%2Fusers%2Fauth%2Fdexcom_sts%2Fcallback&amp;response_type=code&amp;scope=openid%20profile%20offline_access&amp;state=25051fcaeba233b326809dc8a67fc65770102f8b90bb1edd&amp;ui_locales=en-US&lt;/script&gt;&lt;script id="isLoginOnly" type="application/json"&gt;&lt;/script&gt;&lt;script src="/libs/platform/platform.js?v=1588892804366"&gt;&lt;/script&gt;&lt;script src="/libs/dex.BrowserCheck/browserValidator.js?v=1588892804366"&gt;&lt;/script&gt;&lt;script src="/libs/underscore-1.6.0/underscore.js?v=1588892804366"&gt;&lt;/script&gt;&lt;script src="/libs/angular-1.3.14/angular-route.min.js?v=1588892804366"&gt;&lt;/script&gt;&lt;script src="/libs/angular-1.3.14/angular-animate.min.js?v=1588892804366"&gt;&lt;/script&gt;&lt;script src="/libs/angular-1.3.14/angular-resource.min.js?v=1588892804366"&gt;&lt;/script&gt;&lt;script src="/libs/angular-gettext-0.2.9/angular-gettext.min.js?v=1588892804366"&gt;&lt;/script&gt;&lt;script src="/libs/encoder/encoder.min.js?v=1588892804366"&gt;&lt;/script&gt;&lt;script src="/app/dexEnvironment.min.js?v=1588892804366"&gt;&lt;/script&gt;&lt;script src="/app/components.min.js?v=1588892804366"&gt;&lt;/script&gt;&lt;script src="/libs/dex.StsLogin/dex.StsLogin.min.js?v=1588892804366"&gt;&lt;/script&gt;&lt;script src="/libs/dex.UIComponents/dex.UIComponents.min.js?v=1588892804366"&gt;&lt;/script&gt;&lt;script src="/app/login.min.js?v=1588892804366"&gt;&lt;/script&gt;&lt;/body&gt;&lt;/html&gt;


 
 </msg>
<msg timestamp="20201105 17:46:24.173" level="INFO">/Users/darren/anaconda3/envs/dexcom/lib/python3.7/site-packages/urllib3/connectionpool.py:988: InsecureRequestWarning: Unverified HTTPS request is being made to host 'clarity.dexcom.com'. Adding certificate verification is strongly advised. See: https://urllib3.readthedocs.io/en/latest/advanced-usage.html#ssl-warnings
  InsecureRequestWarning,
/Users/darren/anaconda3/envs/dexcom/lib/python3.7/site-packages/urllib3/connectionpool.py:988: InsecureRequestWarning: Unverified HTTPS request is being made to host 'uam1.dexcom.com'. Adding certificate verification is strongly advised. See: https://urllib3.readthedocs.io/en/latest/advanced-usage.html#ssl-warnings
  InsecureRequestWarning,
/Users/darren/anaconda3/envs/dexcom/lib/python3.7/site-packages/urllib3/connectionpool.py:988: InsecureRequestWarning: Unverified HTTPS request is being made to host 'uam1.dexcom.com'. Adding certificate verification is strongly advised. See: https://urllib3.readthedocs.io/en/latest/advanced-usage.html#ssl-warnings
  InsecureRequestWarning,</msg>
<msg timestamp="20201105 17:46:24.174" level="INFO">${response} = &lt;Response [200]&gt;</msg>
<status status="PASS" starttime="20201105 17:46:23.349" endtime="20201105 17:46:24.174"></status>
</kw>
<kw name="Set Variable" library="BuiltIn">
<doc>Returns the given values which can then be assigned to a variables.</doc>
<arguments>
<arg>${response.history[1].url}</arg>
</arguments>
<assign>
<var>${first_redirect}</var>
</assign>
<msg timestamp="20201105 17:46:24.175" level="INFO">${first_redirect} = https://uam1.dexcom.com/identity/connect/authorize?client_id=DAEC20AC-9626-4B0E-94B5-B674E298F51E&amp;prompt&amp;redirect_uri=https%3A%2F%2Fclarity.dexcom.com%2Fusers%2Fauth%2Fdexcom_sts%2Fcallback&amp;response_t...</msg>
<status status="PASS" starttime="20201105 17:46:24.174" endtime="20201105 17:46:24.175"></status>
</kw>
<kw name="Convert To String" library="BuiltIn">
<doc>Converts the given item to a Unicode string.</doc>
<arguments>
<arg>${response.url}</arg>
</arguments>
<assign>
<var>${second_redirect}</var>
</assign>
<msg timestamp="20201105 17:46:24.176" level="INFO">${second_redirect} = https://uam1.dexcom.com/identity/login?signin=f6062a6cd8c14a7f7538798da5826c55</msg>
<status status="PASS" starttime="20201105 17:46:24.175" endtime="20201105 17:46:24.176"></status>
</kw>
<kw name="Get Length" library="BuiltIn">
<doc>Returns and logs the length of the given item as an integer.</doc>
<arguments>
<arg>${login_base_url}</arg>
</arguments>
<assign>
<var>${start}</var>
</assign>
<msg timestamp="20201105 17:46:24.176" level="INFO">Length is 23</msg>
<msg timestamp="20201105 17:46:24.177" level="INFO">${start} = 23</msg>
<status status="PASS" starttime="20201105 17:46:24.176" endtime="20201105 17:46:24.177"></status>
</kw>
<kw name="Get Substring" library="String">
<doc>Returns a substring from ``start`` index to ``end`` index.</doc>
<arguments>
<arg>${second_redirect}</arg>
<arg>start=${start}</arg>
</arguments>
<assign>
<var>${login_uri}</var>
</assign>
<msg timestamp="20201105 17:46:24.177" level="INFO">${login_uri} = /identity/login?signin=f6062a6cd8c14a7f7538798da5826c55</msg>
<status status="PASS" starttime="20201105 17:46:24.177" endtime="20201105 17:46:24.177"></status>
</kw>
<kw name="Get From Dictionary" library="Collections">
<doc>Returns a value from the given ``dictionary`` based on the given ``key``.</doc>
<arguments>
<arg>${response.cookies}</arg>
<arg>idsrv.xsrf</arg>
</arguments>
<assign>
<var>${idsrv-xsrf}</var>
</assign>
<msg timestamp="20201105 17:46:24.178" level="INFO">${idsrv-xsrf} = a_31PzLmmQv5DJSdHxojw38LRG5HU4tXL7Jn6Ieu6wm3jWtRye1Eq-wbJCji0GtN-pMOu4hc6b_kuVt3wpjKT6UkS6AXpyw9SgD8hcwwRd0</msg>
<status status="PASS" starttime="20201105 17:46:24.178" endtime="20201105 17:46:24.178"></status>
</kw>
<kw name="Set Suite Variable" library="BuiltIn">
<doc>Makes a variable available everywhere within the scope of the current suite.</doc>
<arguments>
<arg>${first_redirect}</arg>
</arguments>
<msg timestamp="20201105 17:46:24.179" level="INFO">${first_redirect} = https://uam1.dexcom.com/identity/connect/authorize?client_id=DAEC20AC-9626-4B0E-94B5-B674E298F51E&amp;prompt&amp;redirect_uri=https%3A%2F%2Fclarity.dexcom.com%2Fusers%2Fauth%2Fdexcom_sts%2Fcallback&amp;response_t...</msg>
<status status="PASS" starttime="20201105 17:46:24.178" endtime="20201105 17:46:24.179"></status>
</kw>
<kw name="Set Suite Variable" library="BuiltIn">
<doc>Makes a variable available everywhere within the scope of the current suite.</doc>
<arguments>
<arg>${login_uri}</arg>
</arguments>
<msg timestamp="20201105 17:46:24.179" level="INFO">${login_uri} = /identity/login?signin=f6062a6cd8c14a7f7538798da5826c55</msg>
<status status="PASS" starttime="20201105 17:46:24.179" endtime="20201105 17:46:24.179"></status>
</kw>
<kw name="Set Suite Variable" library="BuiltIn">
<doc>Makes a variable available everywhere within the scope of the current suite.</doc>
<arguments>
<arg>${idsrv-xsrf}</arg>
</arguments>
<msg timestamp="20201105 17:46:24.180" level="INFO">${idsrv-xsrf} = a_31PzLmmQv5DJSdHxojw38LRG5HU4tXL7Jn6Ieu6wm3jWtRye1Eq-wbJCji0GtN-pMOu4hc6b_kuVt3wpjKT6UkS6AXpyw9SgD8hcwwRd0</msg>
<status status="PASS" starttime="20201105 17:46:24.180" endtime="20201105 17:46:24.180"></status>
</kw>
<kw name="Convert To String" library="BuiltIn">
<doc>Converts the given item to a Unicode string.</doc>
<arguments>
<arg>${response.status_code}</arg>
</arguments>
<assign>
<var>${status_code}</var>
</assign>
<msg timestamp="20201105 17:46:24.181" level="INFO">${status_code} = 200</msg>
<status status="PASS" starttime="20201105 17:46:24.180" endtime="20201105 17:46:24.181"></status>
</kw>
<kw name="Should Be Equal" library="BuiltIn">
<doc>Fails if the given objects are unequal.</doc>
<arguments>
<arg>${status_code}</arg>
<arg>200</arg>
</arguments>
<status status="PASS" starttime="20201105 17:46:24.181" endtime="20201105 17:46:24.181"></status>
</kw>
<status status="PASS" starttime="20201105 17:46:23.347" endtime="20201105 17:46:24.181" critical="yes"></status>
</test>
<test id="s1-t2" name="Login with valid credentials">
<kw name="Create Session" library="RequestsLibrary">
<doc>Create Session: create a HTTP session to a server</doc>
<arguments>
<arg>mysession</arg>
<arg>${login_base_url}</arg>
</arguments>
<msg timestamp="20201105 17:46:24.182" level="INFO">Creating Session using : alias=mysession, url=https://uam1.dexcom.com, headers={},                     cookies={}, auth=None, timeout=None, proxies=None, verify=False,                     debug=0 </msg>
<status status="PASS" starttime="20201105 17:46:24.182" endtime="20201105 17:46:24.182"></status>
</kw>
<kw name="Create Dictionary" library="BuiltIn">
<doc>Creates and returns a dictionary based on the given ``items``.</doc>
<arguments>
<arg>username=%{USERNAME}</arg>
<arg>password=%{PASSWORD}</arg>
<arg>idsrv.xsrf=${idsrv-xsrf}</arg>
</arguments>
<assign>
<var>${body}</var>
</assign>
<msg timestamp="20201105 17:46:24.183" level="INFO">${body} = {'username': 'nilepatest001', 'password': 'Password@1', 'idsrv.xsrf': 'a_31PzLmmQv5DJSdHxojw38LRG5HU4tXL7Jn6Ieu6wm3jWtRye1Eq-wbJCji0GtN-pMOu4hc6b_kuVt3wpjKT6UkS6AXpyw9SgD8hcwwRd0'}</msg>
<status status="PASS" starttime="20201105 17:46:24.183" endtime="20201105 17:46:24.183"></status>
</kw>
<kw name="Create Dictionary" library="BuiltIn">
<doc>Creates and returns a dictionary based on the given ``items``.</doc>
<arguments>
<arg>Content-Type=x-www-form-urlencoded</arg>
</arguments>
<assign>
<var>${header}</var>
</assign>
<msg timestamp="20201105 17:46:24.184" level="INFO">${header} = {'Content-Type': 'x-www-form-urlencoded'}</msg>
<status status="PASS" starttime="20201105 17:46:24.184" endtime="20201105 17:46:24.184"></status>
</kw>
<kw name="Post Request" library="RequestsLibrary">
<doc>Send a POST request on the session object found using the
given `alias`</doc>
<arguments>
<arg>mysession</arg>
<arg>${login_uri}</arg>
<arg>data=${body}</arg>
<arg>headers=${header}</arg>
</arguments>
<assign>
<var>${response}</var>
</assign>
<msg timestamp="20201105 17:46:24.379" level="INFO">POST Request : url=https://uam1.dexcom.com/identity/login?signin=f6062a6cd8c14a7f7538798da5826c55 
 path_url=/identity/login?signin=f6062a6cd8c14a7f7538798da5826c55 
 headers={'User-Agent': 'python-requests/2.24.0', 'Accept-Encoding': 'gzip, deflate', 'Accept': '*/*', 'Connection': 'keep-alive', 'Content-Type': 'x-www-form-urlencoded', 'Content-Length': '163'} 
 body=username=nilepatest001&amp;password=Password%401&amp;idsrv.xsrf=a_31PzLmmQv5DJSdHxojw38LRG5HU4tXL7Jn6Ieu6wm3jWtRye1Eq-wbJCji0GtN-pMOu4hc6b_kuVt3wpjKT6UkS6AXpyw9SgD8hcwwRd0 
 </msg>
<msg timestamp="20201105 17:46:24.379" level="INFO">POST Response : url=https://uam1.dexcom.com/identity/login?signin=f6062a6cd8c14a7f7538798da5826c55 
 status=200, reason=OK 
 body=&lt;!DOCTYPE html&gt;&lt;html ng-app="userManagementWebAppError"&gt;&lt;head&gt;&lt;script async src="https://www.googletagmanager.com/gtag/js?id=UA-130780636-4"&gt;&lt;/script&gt;&lt;script&gt;window.dataLayer = window.dataLayer || [];
		function gtag(){dataLayer.push(arguments);}
		gtag('js', new Date());

		gtag('config', 'UA-130780636-4');&lt;/script&gt;&lt;meta charset="UTF-8"&gt;&lt;meta http-equiv="X-UA-Compatible" content="IE=edge"&gt;&lt;meta http-equiv="Content-Type" content="text/html; charset=utf-8"&gt;&lt;meta name="viewport" content="width=device-width,initial-scale=1,maximum-scale=1"&gt;&lt;link rel="shortcut icon" href="/assets/favicon.ico" type="image/vnd.microsoft.icon"&gt;&lt;title&gt;Dexcom - Account Management&lt;/title&gt;&lt;link href="/assets/themes/dexcom-new/css/popup.css?v=1588892804366" rel="stylesheet"&gt;&lt;link href="/assets/themes/dexcom-new/css/popup-element.css?v=1588892804366" rel="stylesheet"&gt;&lt;link href="/assets/themes/dexcom-new/css/dexcom.css?v=1588892804366" rel="stylesheet"&gt;&lt;link href="/less/app.min.css?v=1588892804366" rel="stylesheet"&gt;&lt;script src="/libs/angular-1.3.14/angular.min.js?v=1588892804366"&gt;&lt;/script&gt;&lt;script type="text/javascript" src="/libs/jQuery/jquery-2.1.3.min.js?v=1588892804366"&gt;&lt;/script&gt;&lt;script type="text/javascript" src="/assets/scripts/once.js?v=1588892804366"&gt;&lt;/script&gt;&lt;script type="text/javascript" src="/assets/themes/dexcom-new/scripts/popup.js?v=1588892804366"&gt;&lt;/script&gt;&lt;script type="text/javascript" src="/assets/scripts/menu_helper.js?v=1588892804366"&gt;&lt;/script&gt;&lt;/head&gt;&lt;body ng-controller="errorController"&gt;&lt;div class="page clearfix" id="page"&gt;&lt;ng-include src="'/app/partials/header.html'"&gt;&lt;/ng-include&gt;&lt;section id="section-content" class="section section-content"&gt;&lt;div id="zone-content-wrapper" class="zone-wrapper zone-content-wrapper clearfix"&gt;&lt;div id="zone-content" class="zone zone-content clearfix container-12" ng-cloak&gt;&lt;div id="messages" class="grid-12" ng-show="model.errorMessage"&gt;&lt;div class="messages error"&gt;&lt;strong&gt;{{resourceHelper.getResourceString('__ERROR_TITLE__')}}&lt;/strong&gt;&lt;/div&gt;&lt;/div&gt;&lt;div class="zone-wrapper"&gt;&lt;div class="zone-wrapper-inner"&gt;&lt;div class="zone-content"&gt;&lt;span ng-show="viewData.model.errorMessage"&gt;{{viewData.model.errorMessage}}&lt;/span&gt;&lt;/div&gt;&lt;/div&gt;&lt;/div&gt;&lt;/div&gt;&lt;/div&gt;&lt;/section&gt;&lt;ng-include src="'/app/partials/footer.html'"&gt;&lt;/ng-include&gt;&lt;/div&gt;&lt;script id="modelJson" type="application/json"&gt;{&amp;quot;errorMessage&amp;quot;:&amp;quot;There was an unexpected error&amp;quot;,&amp;quot;requestId&amp;quot;:&amp;quot;773e966b-868e-49f1-93ac-2732e3f2ea3a&amp;quot;,&amp;quot;siteUrl&amp;quot;:&amp;quot;https://uam1.dexcom.com/identity/&amp;quot;,&amp;quot;siteName&amp;quot;:&amp;quot;DexcomSTS&amp;quot;,&amp;quot;currentUser&amp;quot;:null,&amp;quot;logoutUrl&amp;quot;:&amp;quot;https://uam1.dexcom.com/identity/logout&amp;quot;,&amp;quot;custom&amp;quot;:null}&lt;/script&gt;&lt;script src="/libs/angular-1.3.14/angular-route.min.js?v=1588892804366"&gt;&lt;/script&gt;&lt;script src="/libs/angular-1.3.14/angular-resource.min.js?v=1588892804366"&gt;&lt;/script&gt;&lt;script src="/libs/underscore-1.6.0/underscore.js?v=1588892804366"&gt;&lt;/script&gt;&lt;script src="/libs/angular-gettext-0.2.9/angular-gettext.min.js?v=1588892804366"&gt;&lt;/script&gt;&lt;script src="/app/dexEnvironment.min.js?v=1588892804366"&gt;&lt;/script&gt;&lt;script src="/libs/encoder/encoder.min.js?v=1588892804366"&gt;&lt;/script&gt;&lt;script src="/app/components.min.js?v=1588892804366"&gt;&lt;/script&gt;&lt;script src="/app/error.min.js?v=1588892804366"&gt;&lt;/script&gt;&lt;/body&gt;&lt;/html&gt;


 
 </msg>
<msg timestamp="20201105 17:46:24.379" level="INFO">/Users/darren/anaconda3/envs/dexcom/lib/python3.7/site-packages/urllib3/connectionpool.py:988: InsecureRequestWarning: Unverified HTTPS request is being made to host 'uam1.dexcom.com'. Adding certificate verification is strongly advised. See: https://urllib3.readthedocs.io/en/latest/advanced-usage.html#ssl-warnings
  InsecureRequestWarning,</msg>
<msg timestamp="20201105 17:46:24.380" level="INFO">${response} = &lt;Response [200]&gt;</msg>
<status status="PASS" starttime="20201105 17:46:24.184" endtime="20201105 17:46:24.380"></status>
</kw>
<kw name="Convert To String" library="BuiltIn">
<doc>Converts the given item to a Unicode string.</doc>
<arguments>
<arg>${response.status_code}</arg>
</arguments>
<assign>
<var>${status_code}</var>
</assign>
<msg timestamp="20201105 17:46:24.381" level="INFO">${status_code} = 200</msg>
<status status="PASS" starttime="20201105 17:46:24.380" endtime="20201105 17:46:24.381"></status>
</kw>
<kw name="Should Be Equal" library="BuiltIn">
<doc>Fails if the given objects are unequal.</doc>
<arguments>
<arg>${status_code}</arg>
<arg>200</arg>
</arguments>
<status status="PASS" starttime="20201105 17:46:24.381" endtime="20201105 17:46:24.382"></status>
</kw>
<status status="PASS" starttime="20201105 17:46:24.181" endtime="20201105 17:46:24.382" critical="yes"></status>
</test>
<test id="s1-t3" name="Check for analysisSessionId">
<kw name="Create Session" library="RequestsLibrary">
<doc>Create Session: create a HTTP session to a server</doc>
<arguments>
<arg>mysession</arg>
<arg>${base_url}</arg>
</arguments>
<msg timestamp="20201105 17:46:24.384" level="INFO">Creating Session using : alias=mysession, url=https://clarity.dexcom.com, headers={},                     cookies={}, auth=None, timeout=None, proxies=None, verify=False,                     debug=0 </msg>
<status status="PASS" starttime="20201105 17:46:24.383" endtime="20201105 17:46:24.384"></status>
</kw>
<kw name="Create Dictionary" library="BuiltIn">
<doc>Creates and returns a dictionary based on the given ``items``.</doc>
<arguments>
<arg>Content-Type=x-www-form-urlencoded</arg>
<arg>Access-Token=%{ACCESS_TOKEN}</arg>
</arguments>
<assign>
<var>${header}</var>
</assign>
<msg timestamp="20201105 17:46:24.385" level="INFO">${header} = {'Content-Type': 'x-www-form-urlencoded', 'Access-Token': 'eyJ0eXAiOiJKV1QiLCJhbGciOiJSUzI1NiJ9.eyJpc3MiOiJodHRwczovL3N3ZWV0c3BvdGRpYWJldGVzLmNvbSIsInN1YiI6IlN3ZWV0c3BvdCIsImlhdCI6MTYwNDYyNTUwMCwiY29u...</msg>
<status status="PASS" starttime="20201105 17:46:24.384" endtime="20201105 17:46:24.385"></status>
</kw>
<kw name="Post Request" library="RequestsLibrary">
<doc>Send a POST request on the session object found using the
given `alias`</doc>
<arguments>
<arg>mysession</arg>
<arg>${sessionID}</arg>
<arg>headers=${header}</arg>
</arguments>
<assign>
<var>${response}</var>
</assign>
<msg timestamp="20201105 17:46:24.911" level="INFO">POST Request : url=https://clarity.dexcom.com/api/subject/1594950620847472640/analysis_session 
 path_url=/api/subject/1594950620847472640/analysis_session 
 headers={'User-Agent': 'python-requests/2.24.0', 'Accept-Encoding': 'gzip, deflate', 'Accept': '*/*', 'Connection': 'keep-alive', 'Content-Type': 'x-www-form-urlencoded', 'Access-Token': 'eyJ0eXAiOiJKV1QiLCJhbGciOiJSUzI1NiJ9.eyJpc3MiOiJodHRwczovL3N3ZWV0c3BvdGRpYWJldGVzLmNvbSIsInN1YiI6IlN3ZWV0c3BvdCIsImlhdCI6MTYwNDYyNTUwMCwiY29uc2VudFBlcm1pc3Npb24iOiJsaW5rZWRTdWJqZWN0cyIsImRleGNvbUlkIjoiNWQ0ZWZkZTEtNzg4NC00Y2YzLWJlYjctMzllNTM4OGFjNDBkIiwiZXhwIjoxNjA0NzExOTAwLCJyb2xlIjoiT3duZXIiLCJzdWJqZWN0SWQiOiIxNTk0OTUwNjIwODQ3NDcyNjQwIn0.HH_OE6AyjF5XQIorImR_J4aHmAetweCmy--S6o8ByYymf7a3-9leuMR-Beq4u__YkHzkvgOSZqNJj2ffRLvDCqTz7oEAnEGD-KRNzKWD8zUJ-YLRd9mgyRJlgKXClhxOsHMuJrOHakn2GFVN6NO2a8-BO973ZArQPf03gYTO8YmQQDIch9KVAVOOWtguxKW32DRjj500VKTOT3bA4LO40sWfk7zvO-2wHVhnonzDLPY4QgVEw69JAiAXCnDrUJuJXXw7hEdL-sCkcigIcfsSZ7TljRfMnPROmct10Z3Ih3FyfKeOzIgXV6CJyEtPAc0-1IGFkeehO7bB-IE6-P9bYQ', 'Content-Length': '0'} 
 body=None 
 </msg>
<msg timestamp="20201105 17:46:24.911" level="INFO">POST Response : url=https://clarity.dexcom.com/api/subject/1594950620847472640/analysis_session 
 status=200, reason=OK 
 body={"analysisSessionId":"1682573554990755840","dateTime":"2020-11-06T01:46:24.859Z","subjectId":"1594950620847472640"} 
 </msg>
<msg timestamp="20201105 17:46:24.912" level="INFO">/Users/darren/anaconda3/envs/dexcom/lib/python3.7/site-packages/urllib3/connectionpool.py:988: InsecureRequestWarning: Unverified HTTPS request is being made to host 'clarity.dexcom.com'. Adding certificate verification is strongly advised. See: https://urllib3.readthedocs.io/en/latest/advanced-usage.html#ssl-warnings
  InsecureRequestWarning,</msg>
<msg timestamp="20201105 17:46:24.912" level="INFO">${response} = &lt;Response [200]&gt;</msg>
<status status="PASS" starttime="20201105 17:46:24.385" endtime="20201105 17:46:24.912"></status>
</kw>
<kw name="Set Variable" library="BuiltIn">
<doc>Returns the given values which can then be assigned to a variables.</doc>
<arguments>
<arg>${response.json()}</arg>
</arguments>
<assign>
<var>${response_dict}</var>
</assign>
<msg timestamp="20201105 17:46:24.914" level="INFO">${response_dict} = {'analysisSessionId': '1682573554990755840', 'dateTime': '2020-11-06T01:46:24.859Z', 'subjectId': '1594950620847472640'}</msg>
<status status="PASS" starttime="20201105 17:46:24.913" endtime="20201105 17:46:24.914"></status>
</kw>
<kw name="Get From Dictionary" library="Collections">
<doc>Returns a value from the given ``dictionary`` based on the given ``key``.</doc>
<arguments>
<arg>${response_dict}</arg>
<arg>analysisSessionId</arg>
</arguments>
<assign>
<var>${analysisSessionId}</var>
</assign>
<msg timestamp="20201105 17:46:24.915" level="INFO">${analysisSessionId} = 1682573554990755840</msg>
<status status="PASS" starttime="20201105 17:46:24.914" endtime="20201105 17:46:24.915"></status>
</kw>
<kw name="Should Be True" library="BuiltIn">
<doc>Fails if the given condition is not true.</doc>
<arguments>
<arg>${analysisSessionId} is not None</arg>
</arguments>
<status status="PASS" starttime="20201105 17:46:24.915" endtime="20201105 17:46:24.916"></status>
</kw>
<status status="PASS" starttime="20201105 17:46:24.383" endtime="20201105 17:46:24.916" critical="yes"></status>
</test>
<status status="PASS" starttime="20201105 17:46:23.277" endtime="20201105 17:46:24.917"></status>
</suite>
<statistics>
<total>
<stat pass="3" fail="0">Critical Tests</stat>
<stat pass="3" fail="0">All Tests</stat>
</total>
<tag>
</tag>
<suite>
<stat pass="3" fail="0" id="s1" name="TC1 GET HomeUser">TC1 GET HomeUser</stat>
</suite>
</statistics>
<errors>
</errors>
</robot>
